d:\insa\peoplewarfare\peoplewarfare\debug\wrapper.bsc
d:\insa\peoplewarfare\peoplewarfare\wrapper\debug\vc120.pdb
d:\insa\peoplewarfare\peoplewarfare\wrapper\debug\wrapper.sbr
d:\insa\peoplewarfare\peoplewarfare\wrapper\debug\wrapper.obj
d:\insa\peoplewarfare\peoplewarfare\wrapper\debug\.netframework,version=v4.5.assemblyattributes.sbr
d:\insa\peoplewarfare\peoplewarfare\wrapper\debug\.netframework,version=v4.5.assemblyattributes.obj
d:\insa\peoplewarfare\peoplewarfare\debug\wrapper.dll
d:\insa\peoplewarfare\peoplewarfare\debug\wrapper.pdb
d:\insa\peoplewarfare\peoplewarfare\debug\wrapper.lib
d:\insa\peoplewarfare\peoplewarfare\debug\wrapper.exp
d:\insa\peoplewarfare\peoplewarfare\wrapper\debug\wrapper.tlog\bscmake.command.1.tlog
d:\insa\peoplewarfare\peoplewarfare\wrapper\debug\wrapper.tlog\bscmake.read.1.tlog
d:\insa\peoplewarfare\peoplewarfare\wrapper\debug\wrapper.tlog\bscmake.write.1.tlog
d:\insa\peoplewarfare\peoplewarfare\wrapper\debug\wrapper.tlog\cl.command.1.tlog
d:\insa\peoplewarfare\peoplewarfare\wrapper\debug\wrapper.tlog\cl.read.1.tlog
d:\insa\peoplewarfare\peoplewarfare\wrapper\debug\wrapper.tlog\cl.write.1.tlog
d:\insa\peoplewarfare\peoplewarfare\wrapper\debug\wrapper.tlog\link.command.1.tlog
d:\insa\peoplewarfare\peoplewarfare\wrapper\debug\wrapper.tlog\link.read.1.tlog
d:\insa\peoplewarfare\peoplewarfare\wrapper\debug\wrapper.tlog\link.write.1.tlog
d:\insa\peoplewarfare\peoplewarfare\wrapper\debug\wrapper.tlog\metagen.read.1.tlog
d:\insa\peoplewarfare\peoplewarfare\wrapper\debug\wrapper.tlog\metagen.write.1.tlog
d:\insa\peoplewarfare\peoplewarfare\wrapper\debug\wrapper.tlog\wrapper.write.1u.tlog
d:\insa\peoplewarfare\peoplewarfare\wrapper\debug\wrapper.tlog\tzres.dll.bi
