c:\users\helomari\desktop\peoplewarfare\debug\algos.bsc
c:\users\helomari\desktop\peoplewarfare\algos\debug\vc120.pdb
c:\users\helomari\desktop\peoplewarfare\algos\debug\vc120.idb
c:\users\helomari\desktop\peoplewarfare\algos\debug\algos.sbr
c:\users\helomari\desktop\peoplewarfare\algos\debug\algos.obj
c:\users\helomari\desktop\peoplewarfare\debug\algos.lib
h:\4info\peoplewarfare\algos\debug\algos.obj
h:\4info\peoplewarfare\algos\debug\vc120.idb
h:\4info\peoplewarfare\algos\debug\vc120.pdb
h:\4info\peoplewarfare\algos\debug\algos.sbr
h:\4info\peoplewarfare\debug\algos.lib
h:\4info\peoplewarfare\debug\algos.bsc
h:\4info\peoplewarfare\algos\debug\algos.tlog\bscmake.command.1.tlog
h:\4info\peoplewarfare\algos\debug\algos.tlog\bscmake.read.1.tlog
h:\4info\peoplewarfare\algos\debug\algos.tlog\bscmake.write.1.tlog
h:\4info\peoplewarfare\algos\debug\algos.tlog\cl.command.1.tlog
h:\4info\peoplewarfare\algos\debug\algos.tlog\cl.read.1.tlog
h:\4info\peoplewarfare\algos\debug\algos.tlog\cl.write.1.tlog
h:\4info\peoplewarfare\algos\debug\algos.tlog\lib-link.read.1.tlog
h:\4info\peoplewarfare\algos\debug\algos.tlog\lib-link.write.1.tlog
h:\4info\peoplewarfare\algos\debug\algos.tlog\lib.command.1.tlog
