This is pdfTeX, Version 3.1415926-2.5-1.40.14 (MiKTeX 2.9 64-bit) (preloaded format=pdflatex 2014.11.12)  12 NOV 2014 18:31
entering extended mode
**rapport.tex
(H:\4INFO\DEPOT\PeopleWarfare\Rapport\latex\rapport.tex
LaTeX2e <2011/06/27>
Babel <v3.8m> and hyphenation patterns for english, afrikaans, ancientgreek, ar
abic, armenian, assamese, basque, bengali, bokmal, bulgarian, catalan, coptic, 
croatian, czech, danish, dutch, esperanto, estonian, farsi, finnish, french, ga
lician, german, german-x-2013-05-26, greek, gujarati, hindi, hungarian, iceland
ic, indonesian, interlingua, irish, italian, kannada, kurmanji, latin, latvian,
 lithuanian, malayalam, marathi, mongolian, mongolianlmc, monogreek, ngerman, n
german-x-2013-05-26, nynorsk, oriya, panjabi, pinyin, polish, portuguese, roman
ian, russian, sanskrit, serbian, slovak, slovenian, spanish, swedish, swissgerm
an, tamil, telugu, turkish, turkmen, ukenglish, ukrainian, uppersorbian, usengl
ishmax, welsh, loaded.
("C:\Program Files\MiKTeX 2.9\tex\latex\base\article.cls"
Document Class: article 2007/10/19 v1.4h Standard LaTeX document class
("C:\Program Files\MiKTeX 2.9\tex\latex\base\size11.clo"
File: size11.clo 2007/10/19 v1.4h Standard LaTeX file (size option)
)
\c@part=\count79
\c@section=\count80
\c@subsection=\count81
\c@subsubsection=\count82
\c@paragraph=\count83
\c@subparagraph=\count84
\c@figure=\count85
\c@table=\count86
\abovecaptionskip=\skip41
\belowcaptionskip=\skip42
\bibindent=\dimen102
)
(H:\4INFO\DEPOT\PeopleWarfare\Rapport\latex\exptech.sty
("C:\Program Files\MiKTeX 2.9\tex\latex\graphics\graphicx.sty"
Package: graphicx 1999/02/16 v1.0f Enhanced LaTeX Graphics (DPC,SPQR)

("C:\Program Files\MiKTeX 2.9\tex\latex\graphics\keyval.sty"
Package: keyval 1999/03/16 v1.13 key=value parser (DPC)
\KV@toks@=\toks14
)
("C:\Program Files\MiKTeX 2.9\tex\latex\graphics\graphics.sty"
Package: graphics 2009/02/05 v1.0o Standard LaTeX Graphics (DPC,SPQR)

("C:\Program Files\MiKTeX 2.9\tex\latex\graphics\trig.sty"
Package: trig 1999/03/16 v1.09 sin cos tan (DPC)
)
("C:\Program Files\MiKTeX 2.9\tex\latex\00miktex\graphics.cfg"
File: graphics.cfg 2007/01/18 v1.5 graphics configuration of teTeX/TeXLive
)
Package graphics Info: Driver file: pdftex.def on input line 91.

("C:\Program Files\MiKTeX 2.9\tex\latex\pdftex-def\pdftex.def"
File: pdftex.def 2011/05/27 v0.06d Graphics/color for pdfTeX

("C:\Program Files\MiKTeX 2.9\tex\generic\oberdiek\infwarerr.sty"
Package: infwarerr 2010/04/08 v1.3 Providing info/warning/error messages (HO)
)
("C:\Program Files\MiKTeX 2.9\tex\generic\oberdiek\ltxcmds.sty"
Package: ltxcmds 2011/11/09 v1.22 LaTeX kernel commands for general use (HO)
)
\Gread@gobject=\count87
))
\Gin@req@height=\dimen103
\Gin@req@width=\dimen104
)
("C:\Program Files\MiKTeX 2.9\tex\latex\base\fontenc.sty"
Package: fontenc 2005/09/27 v1.99g Standard LaTeX package

("C:\Program Files\MiKTeX 2.9\tex\latex\base\t1enc.def"
File: t1enc.def 2005/09/27 v1.99g Standard LaTeX file
LaTeX Font Info:    Redeclaring font encoding T1 on input line 43.
))
("C:\Program Files\MiKTeX 2.9\tex\latex\base\inputenc.sty"
Package: inputenc 2008/03/30 v1.1d Input encoding file
\inpenc@prehook=\toks15
\inpenc@posthook=\toks16

("C:\Program Files\MiKTeX 2.9\tex\latex\base\utf8.def"
File: utf8.def 2008/04/05 v1.1m UTF-8 support for inputenc
Now handling font encoding OML ...
... no UTF-8 mapping file for font encoding OML
Now handling font encoding T1 ...
... processing UTF-8 mapping file for font encoding T1

("C:\Program Files\MiKTeX 2.9\tex\latex\base\t1enc.dfu"
File: t1enc.dfu 2008/04/05 v1.1m UTF-8 support for inputenc
   defining Unicode char U+00A1 (decimal 161)
   defining Unicode char U+00A3 (decimal 163)
   defining Unicode char U+00AB (decimal 171)
   defining Unicode char U+00BB (decimal 187)
   defining Unicode char U+00BF (decimal 191)
   defining Unicode char U+00C0 (decimal 192)
   defining Unicode char U+00C1 (decimal 193)
   defining Unicode char U+00C2 (decimal 194)
   defining Unicode char U+00C3 (decimal 195)
   defining Unicode char U+00C4 (decimal 196)
   defining Unicode char U+00C5 (decimal 197)
   defining Unicode char U+00C6 (decimal 198)
   defining Unicode char U+00C7 (decimal 199)
   defining Unicode char U+00C8 (decimal 200)
   defining Unicode char U+00C9 (decimal 201)
   defining Unicode char U+00CA (decimal 202)
   defining Unicode char U+00CB (decimal 203)
   defining Unicode char U+00CC (decimal 204)
   defining Unicode char U+00CD (decimal 205)
   defining Unicode char U+00CE (decimal 206)
   defining Unicode char U+00CF (decimal 207)
   defining Unicode char U+00D0 (decimal 208)
   defining Unicode char U+00D1 (decimal 209)
   defining Unicode char U+00D2 (decimal 210)
   defining Unicode char U+00D3 (decimal 211)
   defining Unicode char U+00D4 (decimal 212)
   defining Unicode char U+00D5 (decimal 213)
   defining Unicode char U+00D6 (decimal 214)
   defining Unicode char U+00D8 (decimal 216)
   defining Unicode char U+00D9 (decimal 217)
   defining Unicode char U+00DA (decimal 218)
   defining Unicode char U+00DB (decimal 219)
   defining Unicode char U+00DC (decimal 220)
   defining Unicode char U+00DD (decimal 221)
   defining Unicode char U+00DE (decimal 222)
   defining Unicode char U+00DF (decimal 223)
   defining Unicode char U+00E0 (decimal 224)
   defining Unicode char U+00E1 (decimal 225)
   defining Unicode char U+00E2 (decimal 226)
   defining Unicode char U+00E3 (decimal 227)
   defining Unicode char U+00E4 (decimal 228)
   defining Unicode char U+00E5 (decimal 229)
   defining Unicode char U+00E6 (decimal 230)
   defining Unicode char U+00E7 (decimal 231)
   defining Unicode char U+00E8 (decimal 232)
   defining Unicode char U+00E9 (decimal 233)
   defining Unicode char U+00EA (decimal 234)
   defining Unicode char U+00EB (decimal 235)
   defining Unicode char U+00EC (decimal 236)
   defining Unicode char U+00ED (decimal 237)
   defining Unicode char U+00EE (decimal 238)
   defining Unicode char U+00EF (decimal 239)
   defining Unicode char U+00F0 (decimal 240)
   defining Unicode char U+00F1 (decimal 241)
   defining Unicode char U+00F2 (decimal 242)
   defining Unicode char U+00F3 (decimal 243)
   defining Unicode char U+00F4 (decimal 244)
   defining Unicode char U+00F5 (decimal 245)
   defining Unicode char U+00F6 (decimal 246)
   defining Unicode char U+00F8 (decimal 248)
   defining Unicode char U+00F9 (decimal 249)
   defining Unicode char U+00FA (decimal 250)
   defining Unicode char U+00FB (decimal 251)
   defining Unicode char U+00FC (decimal 252)
   defining Unicode char U+00FD (decimal 253)
   defining Unicode char U+00FE (decimal 254)
   defining Unicode char U+00FF (decimal 255)
   defining Unicode char U+0102 (decimal 258)
   defining Unicode char U+0103 (decimal 259)
   defining Unicode char U+0104 (decimal 260)
   defining Unicode char U+0105 (decimal 261)
   defining Unicode char U+0106 (decimal 262)
   defining Unicode char U+0107 (decimal 263)
   defining Unicode char U+010C (decimal 268)
   defining Unicode char U+010D (decimal 269)
   defining Unicode char U+010E (decimal 270)
   defining Unicode char U+010F (decimal 271)
   defining Unicode char U+0110 (decimal 272)
   defining Unicode char U+0111 (decimal 273)
   defining Unicode char U+0118 (decimal 280)
   defining Unicode char U+0119 (decimal 281)
   defining Unicode char U+011A (decimal 282)
   defining Unicode char U+011B (decimal 283)
   defining Unicode char U+011E (decimal 286)
   defining Unicode char U+011F (decimal 287)
   defining Unicode char U+0130 (decimal 304)
   defining Unicode char U+0131 (decimal 305)
   defining Unicode char U+0132 (decimal 306)
   defining Unicode char U+0133 (decimal 307)
   defining Unicode char U+0139 (decimal 313)
   defining Unicode char U+013A (decimal 314)
   defining Unicode char U+013D (decimal 317)
   defining Unicode char U+013E (decimal 318)
   defining Unicode char U+0141 (decimal 321)
   defining Unicode char U+0142 (decimal 322)
   defining Unicode char U+0143 (decimal 323)
   defining Unicode char U+0144 (decimal 324)
   defining Unicode char U+0147 (decimal 327)
   defining Unicode char U+0148 (decimal 328)
   defining Unicode char U+014A (decimal 330)
   defining Unicode char U+014B (decimal 331)
   defining Unicode char U+0150 (decimal 336)
   defining Unicode char U+0151 (decimal 337)
   defining Unicode char U+0152 (decimal 338)
   defining Unicode char U+0153 (decimal 339)
   defining Unicode char U+0154 (decimal 340)
   defining Unicode char U+0155 (decimal 341)
   defining Unicode char U+0158 (decimal 344)
   defining Unicode char U+0159 (decimal 345)
   defining Unicode char U+015A (decimal 346)
   defining Unicode char U+015B (decimal 347)
   defining Unicode char U+015E (decimal 350)
   defining Unicode char U+015F (decimal 351)
   defining Unicode char U+0160 (decimal 352)
   defining Unicode char U+0161 (decimal 353)
   defining Unicode char U+0162 (decimal 354)
   defining Unicode char U+0163 (decimal 355)
   defining Unicode char U+0164 (decimal 356)
   defining Unicode char U+0165 (decimal 357)
   defining Unicode char U+016E (decimal 366)
   defining Unicode char U+016F (decimal 367)
   defining Unicode char U+0170 (decimal 368)
   defining Unicode char U+0171 (decimal 369)
   defining Unicode char U+0178 (decimal 376)
   defining Unicode char U+0179 (decimal 377)
   defining Unicode char U+017A (decimal 378)
   defining Unicode char U+017B (decimal 379)
   defining Unicode char U+017C (decimal 380)
   defining Unicode char U+017D (decimal 381)
   defining Unicode char U+017E (decimal 382)
   defining Unicode char U+200C (decimal 8204)
   defining Unicode char U+2013 (decimal 8211)
   defining Unicode char U+2014 (decimal 8212)
   defining Unicode char U+2018 (decimal 8216)
   defining Unicode char U+2019 (decimal 8217)
   defining Unicode char U+201A (decimal 8218)
   defining Unicode char U+201C (decimal 8220)
   defining Unicode char U+201D (decimal 8221)
   defining Unicode char U+201E (decimal 8222)
   defining Unicode char U+2030 (decimal 8240)
   defining Unicode char U+2031 (decimal 8241)
   defining Unicode char U+2039 (decimal 8249)
   defining Unicode char U+203A (decimal 8250)
   defining Unicode char U+2423 (decimal 9251)
)
Now handling font encoding OT1 ...
... processing UTF-8 mapping file for font encoding OT1

("C:\Program Files\MiKTeX 2.9\tex\latex\base\ot1enc.dfu"
File: ot1enc.dfu 2008/04/05 v1.1m UTF-8 support for inputenc
   defining Unicode char U+00A1 (decimal 161)
   defining Unicode char U+00A3 (decimal 163)
   defining Unicode char U+00B8 (decimal 184)
   defining Unicode char U+00BF (decimal 191)
   defining Unicode char U+00C5 (decimal 197)
   defining Unicode char U+00C6 (decimal 198)
   defining Unicode char U+00D8 (decimal 216)
   defining Unicode char U+00DF (decimal 223)
   defining Unicode char U+00E6 (decimal 230)
   defining Unicode char U+00EC (decimal 236)
   defining Unicode char U+00ED (decimal 237)
   defining Unicode char U+00EE (decimal 238)
   defining Unicode char U+00EF (decimal 239)
   defining Unicode char U+00F8 (decimal 248)
   defining Unicode char U+0131 (decimal 305)
   defining Unicode char U+0141 (decimal 321)
   defining Unicode char U+0142 (decimal 322)
   defining Unicode char U+0152 (decimal 338)
   defining Unicode char U+0153 (decimal 339)
   defining Unicode char U+2013 (decimal 8211)
   defining Unicode char U+2014 (decimal 8212)
   defining Unicode char U+2018 (decimal 8216)
   defining Unicode char U+2019 (decimal 8217)
   defining Unicode char U+201C (decimal 8220)
   defining Unicode char U+201D (decimal 8221)
)
Now handling font encoding OMS ...
... processing UTF-8 mapping file for font encoding OMS

("C:\Program Files\MiKTeX 2.9\tex\latex\base\omsenc.dfu"
File: omsenc.dfu 2008/04/05 v1.1m UTF-8 support for inputenc
   defining Unicode char U+00A7 (decimal 167)
   defining Unicode char U+00B6 (decimal 182)
   defining Unicode char U+00B7 (decimal 183)
   defining Unicode char U+2020 (decimal 8224)
   defining Unicode char U+2021 (decimal 8225)
   defining Unicode char U+2022 (decimal 8226)
)
Now handling font encoding OMX ...
... no UTF-8 mapping file for font encoding OMX
Now handling font encoding U ...
... no UTF-8 mapping file for font encoding U
   defining Unicode char U+00A9 (decimal 169)
   defining Unicode char U+00AA (decimal 170)
   defining Unicode char U+00AE (decimal 174)
   defining Unicode char U+00BA (decimal 186)
   defining Unicode char U+02C6 (decimal 710)
   defining Unicode char U+02DC (decimal 732)
   defining Unicode char U+200C (decimal 8204)
   defining Unicode char U+2026 (decimal 8230)
   defining Unicode char U+2122 (decimal 8482)
   defining Unicode char U+2423 (decimal 9251)
))
("C:\Program Files\MiKTeX 2.9\tex\generic\babel\babel.sty"
Package: babel 2008/07/08 v3.8m The Babel package

*************************************
* Local config file bblopts.cfg used
*
("C:\Program Files\MiKTeX 2.9\tex\latex\00miktex\bblopts.cfg"
File: bblopts.cfg 2006/07/31 v1.0 MiKTeX 'babel' configuration
)
("C:\Program Files\MiKTeX 2.9\tex\generic\babel\frenchb.ldf"
Language: frenchb 2009/03/16 v2.3d French support from the babel system

("C:\Program Files\MiKTeX 2.9\tex\generic\babel\babel.def"
File: babel.def 2008/07/08 v3.8m Babel common definitions
\babel@savecnt=\count88
\U@D=\dimen105
)
Package babel Info: Making : an active character on input line 120.
Package babel Info: Making ; an active character on input line 121.
Package babel Info: Making ! an active character on input line 122.
Package babel Info: Making ? an active character on input line 123.
\FB@Mht=\dimen106
\std@mcc=\count89
\dec@mcc=\count90
\parindentFFN=\dimen107

*************************************
* Local config file frenchb.cfg used
*
("C:\Program Files\MiKTeX 2.9\tex\generic\babel\frenchb.cfg")))
("C:\Program Files\MiKTeX 2.9\tex\latex\carlisle\scalefnt.sty")
("C:\Program Files\MiKTeX 2.9\tex\latex\float\float.sty"
Package: float 2001/11/08 v1.3d Float enhancements (AL)
\c@float@type=\count91
\float@exts=\toks17
\float@box=\box26
\@float@everytoks=\toks18
\@floatcapt=\box27
))
("C:\Program Files\MiKTeX 2.9\tex\latex\tools\array.sty"
Package: array 2008/09/09 v2.4c Tabular extension package (FMi)
\col@sep=\dimen108
\extrarowheight=\dimen109
\NC@list=\toks19
\extratabsurround=\skip43
\backup@length=\skip44
)
(H:\4INFO\DEPOT\PeopleWarfare\Rapport\latex\rapport.aux)
LaTeX Font Info:    Checking defaults for OML/cmm/m/it on input line 12.
LaTeX Font Info:    ... okay on input line 12.
LaTeX Font Info:    Checking defaults for T1/cmr/m/n on input line 12.
LaTeX Font Info:    ... okay on input line 12.
LaTeX Font Info:    Checking defaults for OT1/cmr/m/n on input line 12.
LaTeX Font Info:    ... okay on input line 12.
LaTeX Font Info:    Checking defaults for OMS/cmsy/m/n on input line 12.
LaTeX Font Info:    ... okay on input line 12.
LaTeX Font Info:    Checking defaults for OMX/cmex/m/n on input line 12.
LaTeX Font Info:    ... okay on input line 12.
LaTeX Font Info:    Checking defaults for U/cmr/m/n on input line 12.
LaTeX Font Info:    ... okay on input line 12.

(C:\Users\tchapon\AppData\Roaming\MiKTeX\2.9\tex\context\base\supp-pdf.mkii
[Loading MPS to PDF converter (version 2006.09.02).]
\scratchcounter=\count92
\scratchdimen=\dimen110
\scratchbox=\box28
\nofMPsegments=\count93
\nofMParguments=\count94
\everyMPshowfont=\toks20
\MPscratchCnt=\count95
\MPscratchDim=\dimen111
\MPnumerator=\count96
\makeMPintoPDFobject=\count97
\everyMPtoPDFconversion=\toks21
)
LaTeX Info: Redefining \degres on input line 12.
LaTeX Info: Redefining \dots on input line 12.
LaTeX Info: Redefining \up on input line 12.
 <fig/logoINSA.jpg, id=1, 220.825pt x 50.1875pt>
File: fig/logoINSA.jpg Graphic file (type jpg)
 <use fig/logoINSA.jpg>
Package pdftex.def Info: fig/logoINSA.jpg used on input line 19.
(pdftex.def)             Requested size: 199.16928pt x 45.26787pt.

<fig/logo.png, id=2, 594.72188pt x 169.38281pt>
File: fig/logo.png Graphic file (type png)
 <use fig/logo.png>
Package pdftex.def Info: fig/logo.png used on input line 25.
(pdftex.def)             Requested size: 199.16928pt x 56.72356pt.

Overfull \hbox (19.4216pt too wide) in paragraph at lines 15--29
[][] []
 []

[1

{C:/Users/tchapon/AppData/Local/MiKTeX/2.9/pdftex/config/pdftex.map} <H:/4INFO/
DEPOT/PeopleWarfare/Rapport/latex/fig/logoINSA.jpg> <H:/4INFO/DEPOT/PeopleWarfa
re/Rapport/latex/fig/logo.png>]
Underfull \hbox (badness 10000) in paragraph at lines 61--62

 []

[1] (H:\4INFO\DEPOT\PeopleWarfare\Rapport\latex\rapport.toc
LaTeX Font Info:    External font `cmex10' loaded for size
(Font)              <10.95> on input line 4.
LaTeX Font Info:    External font `cmex10' loaded for size
(Font)              <8> on input line 4.
LaTeX Font Info:    External font `cmex10' loaded for size
(Font)              <6> on input line 4.
)
\tf@toc=\write3
 [2] [1]
<fig/diagramme_cas_utilisation_administration.png, id=27, 453.94594pt x 328.226
26pt>
File: fig/diagramme_cas_utilisation_administration.png Graphic file (type png)
 <use fig/diagramme_cas_utilisation_administration.png>
Package pdftex.def Info: fig/diagramme_cas_utilisation_administration.png used 
on input line 84.
(pdftex.def)             Requested size: 398.33858pt x 288.02364pt.
 [2 <H:/4INFO/DEPOT/PeopleWarfare/Rapport/latex/fig/diagramme_cas_utilisation_a
dministration.png>] <fig/diagramme_sequence_creerPartie.png, id=34, 1926.44719p
t x 1154.06157pt>
File: fig/diagramme_sequence_creerPartie.png Graphic file (type png)

<use fig/diagramme_sequence_creerPartie.png>
Package pdftex.def Info: fig/diagramme_sequence_creerPartie.png used on input l
ine 126.
(pdftex.def)             Requested size: 398.33858pt x 238.62686pt.
 [3 <H:/4INFO/DEPOT/PeopleWarfare/Rapport/latex/fig/diagramme_sequence_creerPar
tie.png>]
<fig/diagramme_cas_utilisation_partie.png, id=38, 561.59813pt x 497.60907pt>
File: fig/diagramme_cas_utilisation_partie.png Graphic file (type png)

<use fig/diagramme_cas_utilisation_partie.png>
Package pdftex.def Info: fig/diagramme_cas_utilisation_partie.png used on input
 line 138.
(pdftex.def)             Requested size: 398.33858pt x 352.94804pt.
 [4 <H:/4INFO/DEPOT/PeopleWarfare/Rapport/latex/fig/diagramme_cas_utilisation_p
artie.png>]
<fig/diagramme_sequence_jouerTour.png, id=43, 853.68938pt x 1287.30937pt>
File: fig/diagramme_sequence_jouerTour.png Graphic file (type png)

<use fig/diagramme_sequence_jouerTour.png>
Package pdftex.def Info: fig/diagramme_sequence_jouerTour.png used on input lin
e 170.
(pdftex.def)             Requested size: 398.33858pt x 600.6748pt.
 [5]
<fig/diagramme_etat_transition_unite_modelio.png, id=47, 1032.85875pt x 512.665
31pt>
File: fig/diagramme_etat_transition_unite_modelio.png Graphic file (type png)
 <use fig/diagramme_etat_transition_unite_modelio.png>
Package pdftex.def Info: fig/diagramme_etat_transition_unite_modelio.png used o
n input line 181.
(pdftex.def)             Requested size: 398.33858pt x 197.71703pt.
 [6 <H:/4INFO/DEPOT/PeopleWarfare/Rapport/latex/fig/diagramme_sequence_jouerTou
r.png>]
<fig/diagramme_activite_deplacerUnite.png, id=51, 1079.53313pt x 774.64406pt>
File: fig/diagramme_activite_deplacerUnite.png Graphic file (type png)

<use fig/diagramme_activite_deplacerUnite.png>
Package pdftex.def Info: fig/diagramme_activite_deplacerUnite.png used on input
 line 190.
(pdftex.def)             Requested size: 398.33858pt x 285.83368pt.
 [7 <H:/4INFO/DEPOT/PeopleWarfare/Rapport/latex/fig/diagramme_etat_transition_u
nite_modelio.png>]
<fig/diagramme_activite_combatUnite.png, id=55, 839.38594pt x 1158.57843pt>
File: fig/diagramme_activite_combatUnite.png Graphic file (type png)

<use fig/diagramme_activite_combatUnite.png>
Package pdftex.def Info: fig/diagramme_activite_combatUnite.png used on input l
ine 202.
(pdftex.def)             Requested size: 398.33858pt x 549.8178pt.
 [8 <H:/4INFO/DEPOT/PeopleWarfare/Rapport/latex/fig/diagramme_activite_deplacer
Unite.png>]
<fig/monteur_partie.png, id=59, 475.7775pt x 385.44pt>
File: fig/monteur_partie.png Graphic file (type png)

<use fig/monteur_partie.png>
Package pdftex.def Info: fig/monteur_partie.png used on input line 215.
(pdftex.def)             Requested size: 398.33858pt x 322.7205pt.
 [9 <H:/4INFO/DEPOT/PeopleWarfare/Rapport/latex/fig/diagramme_activite_combatUn
ite.png>]
<fig/strategie_carte.png, id=64, 509.5035pt x 368.577pt>
File: fig/strategie_carte.png Graphic file (type png)

<use fig/strategie_carte.png>
Package pdftex.def Info: fig/strategie_carte.png used on input line 224.
(pdftex.def)             Requested size: 398.33858pt x 288.15814pt.
 [10 <H:/4INFO/DEPOT/PeopleWarfare/Rapport/latex/fig/monteur_partie.png>]
<fig/poidsmouche_case.png, id=70, 635.976pt x 435.42674pt>
File: fig/poidsmouche_case.png Graphic file (type png)

<use fig/poidsmouche_case.png>
Package pdftex.def Info: fig/poidsmouche_case.png used on input line 233.
(pdftex.def)             Requested size: 398.33858pt x 272.72572pt.
 [11 <H:/4INFO/DEPOT/PeopleWarfare/Rapport/latex/fig/strategie_carte.png>]
<fig/fabrique_peuple.png, id=75, 401.0985pt x 436.029pt>
File: fig/fabrique_peuple.png Graphic file (type png)

<use fig/fabrique_peuple.png>
Package pdftex.def Info: fig/fabrique_peuple.png used on input line 242.
(pdftex.def)             Requested size: 398.33858pt x 433.0273pt.
 [12 <H:/4INFO/DEPOT/PeopleWarfare/Rapport/latex/fig/poidsmouche_case.png>]
<fig/diagramme_de_classe.png, id=79, 2742.6465pt x 1114.76476pt>
File: fig/diagramme_de_classe.png Graphic file (type png)

<use fig/diagramme_de_classe.png>
Package pdftex.def Info: fig/diagramme_de_classe.png used on input line 250.
(pdftex.def)             Requested size: 597.50787pt x 242.8506pt.
 [13 <H:/4INFO/DEPOT/PeopleWarfare/Rapport/latex/fig/fabrique_peuple.png>] [14 
<H:/4INFO/DEPOT/PeopleWarfare/Rapport/latex/fig/diagramme_de_classe.png>] [15]
(H:\4INFO\DEPOT\PeopleWarfare\Rapport\latex\rapport.lof)
\tf@lof=\write4
 [16]
(H:\4INFO\DEPOT\PeopleWarfare\Rapport\latex\rapport.aux) ) 
Here is how much of TeX's memory you used:
 2435 strings out of 493921
 31903 string characters out of 3147275
 87919 words of memory out of 3000000
 5692 multiletter control sequences out of 15000+200000
 16012 words of font info for 36 fonts, out of 3000000 for 9000
 841 hyphenation exceptions out of 8191
 34i,6n,26p,721b,328s stack positions out of 5000i,500n,10000p,200000b,50000s
 <C:\Users\tchapon\Ap
pData\Local\MiKTeX\2.9\fonts\pk\ljfour\jknappen\ec\dpi600\eccc1095.pk> <C:\User
s\tchapon\AppData\Local\MiKTeX\2.9\fonts\pk\ljfour\jknappen\ec\dpi600\ecti1095.
pk> <C:\Users\tchapon\AppData\Local\MiKTeX\2.9\fonts\pk\ljfour\jknappen\ec\dpi6
00\ecsl1095.pk> <C:\Users\tchapon\AppData\Local\MiKTeX\2.9\fonts\pk\ljfour\jkna
ppen\ec\dpi600\ecrm1095.pk> <C:\Users\tchapon\AppData\Local\MiKTeX\2.9\fonts\pk
\ljfour\jknappen\ec\dpi600\ecbx1095.pk> <C:\Users\tchapon\AppData\Local\MiKTeX\
2.9\fonts\pk\ljfour\jknappen\ec\dpi600\ecbx1440.pk> <C:\Users\tchapon\AppData\L
ocal\MiKTeX\2.9\fonts\pk\ljfour\jknappen\ec\dpi600\eccc1200.pk> <C:\Users\tchap
on\AppData\Local\MiKTeX\2.9\fonts\pk\ljfour\jknappen\ec\dpi600\ecrm1200.pk> <C:
\Users\tchapon\AppData\Local\MiKTeX\2.9\fonts\pk\ljfour\jknappen\ec\dpi600\ecbx
1200.pk> <C:\Users\tchapon\AppData\Local\MiKTeX\2.9\fonts\pk\ljfour\jknappen\ec
\dpi600\ecrm1440.pk> <C:\Users\tchapon\AppData\Local\MiKTeX\2.9\fonts\pk\ljfour
\jknappen\ec\dpi600\ecrm1728.pk> <C:\Users\tchapon\AppData\Local\MiKTeX\2.9\fon
ts\pk\ljfour\jknappen\ec\dpi600\ecxc1728.pk><C:/Program Files/MiKTeX 2.9/fonts/
type1/public/amsfonts/cm/cmsy10.pfb>
Output written on rapport.pdf (19 pages, 835370 bytes).
PDF statistics:
 426 PDF objects out of 1000 (max. 8388607)
 0 named destinations out of 1000 (max. 500000)
 71 words of extra memory for PDF output out of 10000 (max. 10000000)

